0 info it worked if it ends with ok
1 verbose cli [ 'C:\\node.exe',
1 verbose cli   'C:\\Users\\Administrator\\AppData\\Roaming\\npm\\node_modules\\cnpm\\node_modules\\npm\\bin\\npm-cli.js',
1 verbose cli   '--userconfig=C:\\Users\\Administrator\\.cnpmrc',
1 verbose cli   '--disturl=https://npm.taobao.org/mirrors/node',
1 verbose cli   '--registry=https://registry.npm.taobao.org',
1 verbose cli   'run',
1 verbose cli   'dev' ]
2 info using npm@3.10.10
3 info using node@v8.9.0
4 verbose run-script [ 'predev', 'dev', 'postdev' ]
5 info lifecycle hg-vcomponents@0.0.6~predev: hg-vcomponents@0.0.6
6 silly lifecycle hg-vcomponents@0.0.6~predev: no script for predev, continuing
7 info lifecycle hg-vcomponents@0.0.6~dev: hg-vcomponents@0.0.6
8 verbose lifecycle hg-vcomponents@0.0.6~dev: unsafe-perm in lifecycle true
9 verbose lifecycle hg-vcomponents@0.0.6~dev: PATH: C:\Users\Administrator\AppData\Roaming\npm\node_modules\cnpm\node_modules\npm\bin\node-gyp-bin;E:\hg-vcomponents\node_modules\.bin;C:\ProgramData\Oracle\Java\javapath;C:\Windows\system32;C:\Windows;C:\Windows\System32\Wbem;C:\Windows\System32\WindowsPowerShell\v1.0\;C:\Program Files\TortoiseSVN\bin;C:\Program Files\Java\jdk1.6.0_45\bin;C:\Program Files\TortoiseGit\bin;C:\Program Files\Git\cmd;C:\Program Files (x86)\Yarn\bin;C:\;D:\Microsoft VS Code\bin;C:\Users\Administrator\AppData\Local\Yarn\bin;C:\Users\Administrator\AppData\Roaming\npm
10 verbose lifecycle hg-vcomponents@0.0.6~dev: CWD: E:\hg-vcomponents
11 silly lifecycle hg-vcomponents@0.0.6~dev: Args: [ '/d /s /c',
11 silly lifecycle   'webpack-dev-server --inline --progress --config build/webpack.dev.conf.js' ]
12 silly lifecycle hg-vcomponents@0.0.6~dev: Returned: code: 3221225786  signal: null
13 info lifecycle hg-vcomponents@0.0.6~dev: Failed to exec dev script
14 verbose stack Error: hg-vcomponents@0.0.6 dev: `webpack-dev-server --inline --progress --config build/webpack.dev.conf.js`
14 verbose stack Exit status 3221225786
14 verbose stack     at EventEmitter.<anonymous> (C:\Users\Administrator\AppData\Roaming\npm\node_modules\cnpm\node_modules\npm\lib\utils\lifecycle.js:255:16)
14 verbose stack     at emitTwo (events.js:126:13)
14 verbose stack     at EventEmitter.emit (events.js:214:7)
14 verbose stack     at ChildProcess.<anonymous> (C:\Users\Administrator\AppData\Roaming\npm\node_modules\cnpm\node_modules\npm\lib\utils\spawn.js:40:14)
14 verbose stack     at emitTwo (events.js:126:13)
14 verbose stack     at ChildProcess.emit (events.js:214:7)
14 verbose stack     at maybeClose (internal/child_process.js:925:16)
14 verbose stack     at Process.ChildProcess._handle.onexit (internal/child_process.js:209:5)
15 verbose pkgid hg-vcomponents@0.0.6
16 verbose cwd E:\hg-vcomponents
17 error Windows_NT 6.1.7601
18 error argv "C:\\node.exe" "C:\\Users\\Administrator\\AppData\\Roaming\\npm\\node_modules\\cnpm\\node_modules\\npm\\bin\\npm-cli.js" "--userconfig=C:\\Users\\Administrator\\.cnpmrc" "--disturl=https://npm.taobao.org/mirrors/node" "--registry=https://registry.npm.taobao.org" "run" "dev"
19 error node v8.9.0
20 error npm  v3.10.10
21 error code ELIFECYCLE
22 error hg-vcomponents@0.0.6 dev: `webpack-dev-server --inline --progress --config build/webpack.dev.conf.js`
22 error Exit status 3221225786
23 error Failed at the hg-vcomponents@0.0.6 dev script 'webpack-dev-server --inline --progress --config build/webpack.dev.conf.js'.
23 error Make sure you have the latest version of node.js and npm installed.
23 error If you do, this is most likely a problem with the hg-vcomponents package,
23 error not with npm itself.
23 error Tell the author that this fails on your system:
23 error     webpack-dev-server --inline --progress --config build/webpack.dev.conf.js
23 error You can get information on how to open an issue for this project with:
23 error     npm bugs hg-vcomponents
23 error Or if that isn't available, you can get their info via:
23 error     npm owner ls hg-vcomponents
23 error There is likely additional logging output above.
24 verbose exit [ 1, true ]
